[debug] [2023-05-11T15:08:03.749Z] ----------------------------------------------------------------------
[debug] [2023-05-11T15:08:03.750Z] Command:       C:\Program Files\nodejs\node.exe C:\Users\13145\AppData\Roaming\npm\node_modules\firebase-tools\lib\bin\firebase.js init
[debug] [2023-05-11T15:08:03.751Z] CLI Version:   12.0.0
[debug] [2023-05-11T15:08:03.751Z] Platform:      win32
[debug] [2023-05-11T15:08:03.751Z] Node Version:  v18.13.0
[debug] [2023-05-11T15:08:03.751Z] Time:          Thu May 11 2023 10:08:03 GMT-0500 (Central Daylight Time)
[debug] [2023-05-11T15:08:03.751Z] ----------------------------------------------------------------------
[debug] 
[debug] [2023-05-11T15:08:03.757Z] > command requires scopes: ["email","openid","https://www.googleapis.com/auth/cloudplatformprojects.readonly","https://www.googleapis.com/auth/firebase","https://www.googleapis.com/auth/cloud-platform"]
[debug] [2023-05-11T15:08:03.758Z] > authorizing via signed-in user (n8nbudiman@gmail.com)
[info] 
     ######## #### ########  ######## ########     ###     ######  ########
     ##        ##  ##     ## ##       ##     ##  ##   ##  ##       ##
     ######    ##  ########  ######   ########  #########  ######  ######
     ##        ##  ##    ##  ##       ##     ## ##     ##       ## ##
     ##       #### ##     ## ######## ########  ##     ##  ######  ########

You're about to initialize a Firebase project in this directory:

  C:\Users\13145\Documents\GitHub\MovieReview

[info] 
=== Project Setup
[info] 
[info] First, let's associate this project directory with a Firebase project.
[info] You can create multiple project aliases by running firebase use --add, 
[info] but for now we'll just set up a default project.
[info] 
[debug] [2023-05-11T15:08:21.190Z] > refreshing access token with scopes: []
[debug] [2023-05-11T15:08:21.192Z] >>> [apiv2][query] POST https://www.googleapis.com/oauth2/v3/token [none]
[debug] [2023-05-11T15:08:21.192Z] >>> [apiv2][body] POST https://www.googleapis.com/oauth2/v3/token [omitted]
[debug] [2023-05-11T15:08:21.443Z] <<< [apiv2][status] POST https://www.googleapis.com/oauth2/v3/token 200
[debug] [2023-05-11T15:08:21.443Z] <<< [apiv2][body] POST https://www.googleapis.com/oauth2/v3/token [omitted]
[debug] [2023-05-11T15:08:21.459Z] >>> [apiv2][query] GET https://firebase.googleapis.com/v1beta1/projects pageSize=100
[debug] [2023-05-11T15:08:21.883Z] <<< [apiv2][status] GET https://firebase.googleapis.com/v1beta1/projects 200
[debug] [2023-05-11T15:08:21.883Z] <<< [apiv2][body] GET https://firebase.googleapis.com/v1beta1/projects [omitted]
[info] i  Using project moviereview-c8ae4 (MovieReview) 
[info] 
=== Hosting Setup
[info] 
[info] Your public directory is the folder (relative to your project directory) that
[info] will contain Hosting assets to be uploaded with firebase deploy. If you
[info] have a build process for your assets, use your build's output directory.
[info] 
